#-----------------------------------------------------------
# Vivado v2016.2 (64-bit)
# SW Build 1577090 on Thu Jun  2 16:32:40 MDT 2016
# IP Build 1577682 on Fri Jun  3 12:00:54 MDT 2016
# Start of session at: Fri Dec 02 16:19:40 2016
# Process ID: 2988
# Current directory: E:/Lin/vivado_learing/project_Imode_final
# Command line: vivado.exe -gui_launcher_event rodinguilauncherevent3848 E:\Lin\vivado_learing\project_Imode_final\project_Imode_final.xpr
# Log file: E:/Lin/vivado_learing/project_Imode_final/vivado.log
# Journal file: E:/Lin/vivado_learing/project_Imode_final\vivado.jou
#-----------------------------------------------------------
start_gui
open_project E:/Lin/vivado_learing/project_Imode_final/project_Imode_final.xpr
INFO: [Project 1-313] Project file moved from 'F:/lynn.zheng/÷£¡÷∑º/TDC-¡ıø≠ΩªΩ”/project_Imode_final' since last save.
Scanning sources...
Finished scanning sources
INFO: [IP_Flow 19-234] Refreshing IP repositories
INFO: [IP_Flow 19-1700] Loaded user IP repository 'e:/Lin/vivado_learing/project_Imode_final/myImode_1.0'.
INFO: [IP_Flow 19-2313] Loaded Vivado IP repository 'D:/Xilinx/Vivado/2016.2/data/ip'.
open_project: Time (s): cpu = 00:00:14 ; elapsed = 00:00:07 . Memory (MB): peak = 895.762 ; gain = 201.477
update_compile_order -fileset sources_1
exit
INFO: [Common 17-206] Exiting Vivado at Fri Dec 02 16:20:26 2016...
