#-----------------------------------------------------------
# Vivado v2016.2 (64-bit)
# SW Build 1577090 on Thu Jun  2 16:32:40 MDT 2016
# IP Build 1577682 on Fri Jun  3 12:00:54 MDT 2016
# Start of session at: Mon Nov 07 16:58:09 2016
# Process ID: 4104
# Current directory: F:/lynn.zheng/郑林芳/TDC-刘凯交接/project_Imode_final
# Command line: vivado.exe -gui_launcher_event rodinguilauncherevent2744 F:\lynn.zheng\郑林芳\TDC-刘凯交接\project_Imode_final\project_Imode_final.xpr
# Log file: F:/lynn.zheng/郑林芳/TDC-刘凯交接/project_Imode_final/vivado.log
# Journal file: F:/lynn.zheng/郑林芳/TDC-刘凯交接/project_Imode_final\vivado.jou
#-----------------------------------------------------------
start_gui
open_project F:/lynn.zheng/郑林芳/TDC-刘凯交接/project_Imode_final/project_Imode_final.xpr
INFO: [Project 1-313] Project file moved from 'H:/MyXilinx/project_Imode_final' since last save.
Scanning sources...
Finished scanning sources
INFO: [IP_Flow 19-234] Refreshing IP repositories
INFO: [IP_Flow 19-1700] Loaded user IP repository 'f:/lynn.zheng/郑林芳/TDC-刘凯交接/project_Imode_final/myImode_1.0'.
INFO: [IP_Flow 19-2313] Loaded Vivado IP repository 'E:/Software/Xilinx/Vivado/2016.2/data/ip'.
open_project: Time (s): cpu = 00:00:19 ; elapsed = 00:00:11 . Memory (MB): peak = 842.762 ; gain = 170.242
update_compile_order -fileset sources_1
ipx::edit_ip_in_project -upgrade true -name myImode_v1_0_v1_0_project -directory F:/lynn.zheng/myImode_v1_0_v1_0_project f:/lynn.zheng/郑林芳/TDC-刘凯交接/project_Imode_final/myImode_1.0/component.xml
INFO: [IP_Flow 19-234] Refreshing IP repositories
INFO: [IP_Flow 19-1704] No user IP repositories specified
INFO: [IP_Flow 19-2313] Loaded Vivado IP repository 'E:/Software/Xilinx/Vivado/2016.2/data/ip'.
INFO: [IP_Flow 19-234] Refreshing IP repositories
INFO: [IP_Flow 19-1700] Loaded user IP repository 'f:/lynn.zheng/郑林芳/TDC-刘凯交接/project_Imode_final/myImode_1.0'.
INFO: [IP_Flow 19-795] Syncing license key meta-data
INFO: [IP_Flow 19-793] Syncing display name meta-data
INFO: [IP_Flow 19-798] Syncing taxonomy meta-data
update_compile_order -fileset sources_1
update_compile_order -fileset sim_1
close_project
****** Webtalk v2016.2 (64-bit)
  **** SW Build 1577090 on Thu Jun  2 16:32:40 MDT 2016
  **** IP Build 1577682 on Fri Jun  3 12:00:54 MDT 2016
    ** Copyright 1986-2016 Xilinx, Inc. All Rights Reserved.

source f:/lynn.zheng/myimode_v1_0_v1_0_project/myImode_v1_0_v1_0_project.hw/webtalk/labtool_webtalk.tcl -notrace
INFO: [Common 17-206] Exiting Webtalk at Mon Nov 07 17:00:58 2016...
ipx::edit_ip_in_project -upgrade true -name myImode_v1_0_v1_0_project -directory F:/lynn.zheng/myImode_v1_0_v1_0_project f:/lynn.zheng/郑林芳/TDC-刘凯交接/project_Imode_final/myImode_1.0/component.xml
INFO: [IP_Flow 19-234] Refreshing IP repositories
INFO: [IP_Flow 19-1704] No user IP repositories specified
INFO: [IP_Flow 19-2313] Loaded Vivado IP repository 'E:/Software/Xilinx/Vivado/2016.2/data/ip'.
INFO: [IP_Flow 19-234] Refreshing IP repositories
INFO: [IP_Flow 19-1700] Loaded user IP repository 'f:/lynn.zheng/郑林芳/TDC-刘凯交接/project_Imode_final/myImode_1.0'.
INFO: [IP_Flow 19-795] Syncing license key meta-data
INFO: [IP_Flow 19-793] Syncing display name meta-data
INFO: [IP_Flow 19-798] Syncing taxonomy meta-data
update_compile_order -fileset sources_1
update_compile_order -fileset sim_1
close_project
****** Webtalk v2016.2 (64-bit)
  **** SW Build 1577090 on Thu Jun  2 16:32:40 MDT 2016
  **** IP Build 1577682 on Fri Jun  3 12:00:54 MDT 2016
    ** Copyright 1986-2016 Xilinx, Inc. All Rights Reserved.

source f:/lynn.zheng/myimode_v1_0_v1_0_project/myImode_v1_0_v1_0_project.hw/webtalk/labtool_webtalk.tcl -notrace
INFO: [Common 17-206] Exiting Webtalk at Mon Nov 07 18:09:21 2016...
exit
INFO: [Common 17-206] Exiting Vivado at Mon Nov 07 18:09:26 2016...
